<?xml version="1.0" encoding="UTF-8"?>
<!-- Generated by org.testng.reporters.JUnitReportReporter -->
<testsuite hostname="zhangbingzhendeMacBook-Pro.local" name="testScripts.TestLogin" tests="1" failures="0" timestamp="4 Mar 2016 07:11:36 GMT" time="9.073" errors="0">
  <testcase name="testLogin" time="9.073" classname="testScripts.TestLogin"/>
</testsuite> <!-- testScripts.TestLogin -->
