<?xml version="1.0" encoding="UTF-8"?>
<!-- Generated by org.testng.reporters.JUnitReportReporter -->
<testsuite hostname="zhangbingzhendeMacBook-Pro.local" name="testScripts.TestLogin2" tests="1" failures="0" timestamp="4 Mar 2016 09:12:09 GMT" time="9.158" errors="0">
  <testcase name="testLogin" time="9.158" classname="testScripts.TestLogin2"/>
</testsuite> <!-- testScripts.TestLogin2 -->
