<?xml version="1.0" encoding="UTF-8"?>
<!-- Generated by org.testng.reporters.JUnitReportReporter -->
<testsuite hostname="zhangbingzhendeMacBook-Pro.local" name="untils.DataProviderLearn" tests="3" failures="0" timestamp="3 Feb 2016 05:23:20 GMT" time="0.008" errors="0">
  <testcase name="verifyUser" time="0.001" classname="untils.DataProviderLearn"/>
  <testcase name="verifyUser" time="0.001" classname="untils.DataProviderLearn"/>
  <testcase name="verifyUser" time="0.006" classname="untils.DataProviderLearn"/>
</testsuite> <!-- untils.DataProviderLearn -->
