<?xml version="1.0" encoding="UTF-8"?>
<!-- Generated by org.testng.reporters.JUnitReportReporter -->
<testsuite hostname="zhangbingzhendeMacBook-Pro.local" name="untils.TestNGLearn" tests="1" failures="0" timestamp="3 Feb 2016 06:41:01 GMT" time="0.003" errors="0">
  <testcase name="TestNgLearn" time="0.003" classname="untils.TestNGLearn"/>
</testsuite> <!-- untils.TestNGLearn -->
