<?xml version="1.0" encoding="UTF-8"?>
<!-- Generated by org.testng.reporters.JUnitReportReporter -->
<testsuite hostname="zhangbingzhendeMacBook-Pro.local" name="untils.ParametersTest" tests="1" failures="0" timestamp="3 Feb 2016 05:03:08 GMT" time="0.008" errors="0">
  <testcase name="ParaTest" time="0.008" classname="untils.ParametersTest"/>
</testsuite> <!-- untils.ParametersTest -->
