<?xml version="1.0" encoding="UTF-8"?>
<!-- Generated by org.testng.reporters.JUnitReportReporter -->
<testsuite hostname="zhangbingzhendeMacBook-Pro.local" name="cn.golryroad.testScripts.TestMail126Login" tests="1" failures="0" timestamp="7 Mar 2016 05:05:12 GMT" time="15.317" errors="0">
  <testcase name="testMailLogin" time="15.317" classname="cn.golryroad.testScripts.TestMail126Login"/>
</testsuite> <!-- cn.golryroad.testScripts.TestMail126Login -->
